
[0] Code Region - routine

Iterations:        100
Instructions:      30100
Total Cycles:      16734
Total uOps:        36500

Dispatch Width:    6
uOps Per Cycle:    2.18
IPC:               1.80
Block RThroughput: 84.5


Instruction Info:
[1]: #uOps
[2]: Latency
[3]: RThroughput
[4]: MayLoad
[5]: MayStore
[6]: HasSideEffects (U)

[1]    [2]    [3]    [4]    [5]    [6]    Instructions:
 1      1     0.25                        cmpl	%eax, %r11d
 1      0     0.17                        vxorps	%xmm8, %xmm8, %xmm8
 1      7     0.50    *                   vbroadcastss	__real@3f800000(%rip), %ymm15
 1      1     0.50                        jge	.LBB9_535
 1      6     0.50    *                   vmovdqa	960(%rsp), %xmm5
 1      2     1.00                        vmovd	%xmm5, %edx
 1      1     0.50                        leal	-8(%rdx), %ebx
 2      5     1.00                        vcvtsi2ss	%ebx, %xmm12, %xmm5
 1      3     1.00                        vbroadcastss	%xmm5, %ymm5
 2      11    0.50    *                   vaddps	__ymm@40f0000040d0000040b000004090000040600000402000003fc000003f000000(%rip), %ymm5, %ymm5
 2      1     1.00           *            vmovups	%ymm5, 1648(%rsp)
 1      6     0.50    *                   vmovdqa	944(%rsp), %xmm5
 1      2     1.00                        vmovd	%xmm5, %ebx
 1      1     0.25                        cmpl	%ebx, %edx
 1      1     0.50                        jge	.LBB9_535
 1      4     0.50                        vmulss	%xmm0, %xmm0, %xmm5
 1      5     0.50    *                   vmovss	__real@3f800000(%rip), %xmm7
 1      11    3.00                        vdivss	%xmm5, %xmm7, %xmm5
 1      6     0.50    *                   vmovaps	400(%rsp), %xmm6
 1      4     0.50                        vmulss	%xmm6, %xmm6, %xmm6
 1      11    3.00                        vdivss	%xmm6, %xmm7, %xmm6
 1      3     1.00                        vbroadcastss	%xmm5, %ymm5
 1      3     1.00                        vbroadcastss	%xmm6, %ymm6
 1      3     1.00                        vbroadcastss	%xmm4, %ymm4
 1      3     1.00                        vbroadcastss	%xmm0, %ymm14
 1      1     0.25                        addl	$-2, %r14d
 2      5     1.00                        vcvtsi2ss	%r14d, %xmm12, %xmm0
 1      3     1.00                        vbroadcastss	%xmm0, %ymm0
 2      1     1.00           *            vmovups	%ymm0, 1008(%rsp)
 1      1     0.25                        addl	$-2, %ebp
 2      5     1.00                        vcvtsi2ss	%ebp, %xmm12, %xmm0
 1      3     1.00                        vbroadcastss	%xmm0, %ymm11
 1      3     1.00                        vbroadcastss	%xmm1, %ymm0
 2      1     1.00           *            vmovups	%ymm0, 976(%rsp)
 1      3     1.00                        vbroadcastss	%xmm2, %ymm0
 2      1     1.00           *            vmovups	%ymm0, 800(%rsp)
 1      3     1.00                        vbroadcastss	%xmm3, %ymm13
 1      1     0.25                        movl	%r11d, %ebp
 2      8     1.00    *                   imull	48(%rsp), %ebp
 1      1     0.25                        movslq	%ebp, %r15
 1      1     0.50                        leal	(,%rdx,4), %r14d
 2      6     0.50    *                   addq	128(%rsp), %r14
 1      1     0.25                        addq	%r15, %r14
 2      1     1.00           *            vmovdqu	%ymm9, 864(%rsp)
 2      1     1.00           *            vmovups	%ymm5, 1056(%rsp)
 2      1     1.00           *            vmovups	%ymm6, 688(%rsp)
 2      1     1.00           *            vmovups	%ymm4, 832(%rsp)
 2      1     1.00           *            vmovups	%ymm14, 720(%rsp)
 2      1     1.00           *            vmovups	%ymm11, 656(%rsp)
 2      1     1.00           *            vmovups	%ymm13, 1136(%rsp)
 2      5     1.00                        vcvtsi2ss	%r11d, %xmm12, %xmm0
 2      9     0.50    *                   vaddss	__real@3f000000(%rip), %xmm0, %xmm0
 2      9     0.50    *                   vsubss	1040(%rsp), %xmm0, %xmm0
 2      9     0.50    *                   vmulss	__real@00000000(%rip), %xmm0, %xmm1
 1      3     1.00                        vbroadcastss	%xmm1, %ymm1
 2      1     1.00           *            vmovups	%ymm1, 592(%rsp)
 2      9     0.50    *                   vmulss	400(%rsp), %xmm0, %xmm0
 1      3     1.00                        vbroadcastss	%xmm0, %ymm0
 2      1     1.00           *            vmovups	%ymm0, 448(%rsp)
 1      1     0.25                        movq	%r14, %r15
 1      7     0.50    *                   vmovups	1648(%rsp), %ymm1
 1      1     0.25                        movl	%edx, %r12d
 1      7     0.50    *                   vbroadcastss	__real@41000000(%rip), %ymm0
 1      4     0.50                        vaddps	%ymm0, %ymm1, %ymm1
 2      1     1.00           *            vmovups	%ymm1, 416(%rsp)
 1      4     0.50                        vsubps	%ymm4, %ymm1, %ymm0
 1      4     0.50                        vmulps	%ymm0, %ymm14, %ymm1
 2      11    0.50    *                   vaddps	592(%rsp), %ymm1, %ymm1
 1      4     0.50                        vmulps	%ymm0, %ymm8, %ymm2
 1      4     0.50                        vmulps	%ymm1, %ymm5, %ymm0
 2      11    0.50    *                   vaddps	448(%rsp), %ymm2, %ymm1
 1      4     0.50                        vmulps	%ymm1, %ymm6, %ymm4
 2      11    0.50    *                   vmulps	1008(%rsp), %ymm0, %ymm2
 1      4     0.50                        vmulps	%ymm4, %ymm11, %ymm1
 2      1     1.00           *            vmovups	%ymm1, 624(%rsp)
 1      4     0.50                        vcvttps2dq	%ymm1, %ymm6
 1      4     0.50                        vcvttps2dq	%ymm2, %ymm7
 2      10    1.00                        vpmulld	%ymm9, %ymm6, %ymm3
 2      8     0.50    *                   vpsubd	__ymm@ffffffffffffffffffffffffffffffffffffffffffffffffffffffffffffffff(%rip), %ymm6, %ymm5
 2      10    1.00                        vpmulld	%ymm9, %ymm5, %ymm10
 1      1     0.50                        vpslld	$2, %ymm7, %ymm11
 1      7     0.50    *                   vpbroadcastd	__real@00000004(%rip), %ymm5
 1      1     0.33                        vpaddd	%ymm5, %ymm11, %ymm12
 1      1     0.33                        vpaddd	%ymm3, %ymm11, %ymm5
 1      1     0.50                        vpcmpeqd	%ymm13, %ymm13, %ymm13
 1      0     0.17                        vpxor	%xmm9, %xmm9, %xmm9
 1      1     0.33                        vpaddd	%ymm3, %ymm12, %ymm3
 1      1     0.50                        vpcmpeqd	%ymm14, %ymm14, %ymm14
 5      22    4.00    *                   vpgatherdd	%ymm13, (%rsi,%ymm5), %ymm9
 1      0     0.17                        vpxor	%xmm5, %xmm5, %xmm5
 5      22    4.00    *                   vpgatherdd	%ymm14, (%rsi,%ymm3), %ymm5
 1      4     0.50                        vcmpnleps	%ymm15, %ymm4, %ymm13
 1      1     0.33                        vpaddd	%ymm11, %ymm10, %ymm11
 1      1     0.50                        vpcmpeqd	%ymm15, %ymm15, %ymm15
 1      0     0.17                        vpxor	%xmm14, %xmm14, %xmm14
 1      0     0.17                        vxorps	%xmm1, %xmm1, %xmm1
 1      1     0.50                        vpcmpeqd	%ymm8, %ymm8, %ymm8
 1      1     0.33                        vpaddd	%ymm12, %ymm10, %ymm10
 1      0     0.17                        vpxor	%xmm3, %xmm3, %xmm3
 5      22    4.00    *                   vpgatherdd	%ymm15, (%rsi,%ymm11), %ymm14
 5      22    4.00    *                   vpgatherdd	%ymm8, (%rsi,%ymm10), %ymm3
 1      4     0.50                        vcmpnleps	%ymm4, %ymm1, %ymm4
 1      7     0.50    *                   vbroadcastss	__real@3f800000(%rip), %ymm8
 1      4     0.50                        vcmpnleps	%ymm8, %ymm0, %ymm8
 1      1     0.33                        vorps	%ymm13, %ymm8, %ymm8
 1      4     0.50                        vcmpnleps	%ymm0, %ymm1, %ymm0
 1      1     0.50                        vpcmpeqd	%ymm10, %ymm10, %ymm10
 1      0     0.17                        vpxor	%xmm11, %xmm11, %xmm11
 1      1     0.33                        vorps	%ymm4, %ymm0, %ymm0
 2      8     1.00    *                   vpmovsxbd	__real@0706050403020100(%rip), %ymm1
 5      22    4.00    *                   vpgatherdd	%ymm10, (%r15,%ymm1,4), %ymm11
 2      1     1.00           *            vmovdqu	%ymm11, 1088(%rsp)
 1      1     0.33                        vorps	%ymm0, %ymm8, %ymm0
 2      1     1.00           *            vmovups	%ymm0, 496(%rsp)
 1      4     0.50                        vcvtdq2ps	%ymm7, %ymm0
 1      4     0.50                        vsubps	%ymm0, %ymm2, %ymm4
 1      4     0.50                        vcvtdq2ps	%ymm6, %ymm0
 1      7     0.50    *                   vmovups	624(%rsp), %ymm1
 1      4     0.50                        vsubps	%ymm0, %ymm1, %ymm15
 1      1     0.50                        vpsrld	$24, %ymm9, %ymm0
 1      4     0.50                        vcvtdq2ps	%ymm0, %ymm11
 1      7     0.50    *                   vmovdqa	__ymm@8080801e8080801a80808016808080128080800e8080800a8080800680808002(%rip), %ymm12
 1      1     1.00                        vpshufb	%ymm12, %ymm9, %ymm0
 1      4     0.50                        vcvtdq2ps	%ymm0, %ymm2
 1      7     0.50    *                   vmovdqa	__ymm@8080801d8080801980808015808080118080800d808080098080800580808001(%rip), %ymm1
 1      1     1.00                        vpshufb	%ymm1, %ymm9, %ymm0
 1      1     0.33                        vmovdqa	%ymm1, %ymm7
 1      7     0.50    *                   vpbroadcastd	__real@000000ff(%rip), %ymm6
 1      1     0.33                        vpand	%ymm6, %ymm9, %ymm1
 1      1     0.33                        vmovdqa	%ymm6, %ymm13
 2      1     1.00           *            vmovdqu	%ymm6, 624(%rsp)
 1      4     0.50                        vcvtdq2ps	%ymm0, %ymm6
 1      4     0.50                        vcvtdq2ps	%ymm1, %ymm9
 1      1     0.50                        vpsrld	$24, %ymm5, %ymm0
 1      4     0.50                        vcvtdq2ps	%ymm0, %ymm0
 1      1     1.00                        vpshufb	%ymm12, %ymm5, %ymm1
 1      1     1.00                        vpshufb	%ymm7, %ymm5, %ymm8
 1      4     0.50                        vcvtdq2ps	%ymm1, %ymm10
 1      4     0.50                        vcvtdq2ps	%ymm8, %ymm1
 1      1     0.33                        vpand	%ymm5, %ymm13, %ymm5
 1      4     0.50                        vcvtdq2ps	%ymm5, %ymm5
 1      7     0.50    *                   vbroadcastss	__real@3b808081(%rip), %ymm7
 1      4     0.50                        vmulps	%ymm7, %ymm11, %ymm8
 1      4     0.50                        vmulps	%ymm7, %ymm0, %ymm0
 1      4     0.50                        vsubps	%ymm8, %ymm0, %ymm0
 1      4     0.50                        vmulps	%ymm0, %ymm4, %ymm0
 1      4     0.50                        vaddps	%ymm0, %ymm8, %ymm13
 1      1     0.50                        vpsrld	$24, %ymm14, %ymm0
 1      4     0.50                        vmulps	%ymm7, %ymm2, %ymm2
 1      4     0.50                        vmulps	%ymm7, %ymm10, %ymm8
 1      4     0.50                        vmulps	%ymm2, %ymm2, %ymm2
 1      4     0.50                        vmulps	%ymm8, %ymm8, %ymm8
 1      4     0.50                        vsubps	%ymm2, %ymm8, %ymm8
 1      4     0.50                        vmulps	%ymm4, %ymm8, %ymm8
 1      4     0.50                        vaddps	%ymm2, %ymm8, %ymm12
 1      7     0.50    *                   vmovdqa	__ymm@8080801e8080801a80808016808080128080800e8080800a8080800680808002(%rip), %ymm2
 1      1     1.00                        vpshufb	%ymm2, %ymm14, %ymm8
 1      4     0.50                        vcvtdq2ps	%ymm0, %ymm0
 1      4     0.50                        vcvtdq2ps	%ymm8, %ymm8
 1      4     0.50                        vmulps	%ymm7, %ymm6, %ymm6
 1      4     0.50                        vmulps	%ymm6, %ymm6, %ymm6
 1      4     0.50                        vmulps	%ymm7, %ymm1, %ymm1
 1      4     0.50                        vmulps	%ymm1, %ymm1, %ymm1
 1      4     0.50                        vsubps	%ymm6, %ymm1, %ymm1
 1      4     0.50                        vmulps	%ymm1, %ymm4, %ymm1
 1      4     0.50                        vaddps	%ymm1, %ymm6, %ymm11
 1      1     0.50                        vpsrld	$24, %ymm3, %ymm6
 1      4     0.50                        vcvtdq2ps	%ymm6, %ymm6
 1      4     0.50                        vmulps	%ymm7, %ymm0, %ymm0
 1      4     0.50                        vmulps	%ymm7, %ymm6, %ymm6
 1      4     0.50                        vsubps	%ymm0, %ymm6, %ymm6
 1      4     0.50                        vmulps	%ymm6, %ymm4, %ymm6
 1      4     0.50                        vaddps	%ymm6, %ymm0, %ymm6
 1      7     0.50    *                   vmovdqa	__ymm@8080801d8080801980808015808080118080800d808080098080800580808001(%rip), %ymm1
 1      1     1.00                        vpshufb	%ymm1, %ymm14, %ymm0
 1      4     0.50                        vcvtdq2ps	%ymm0, %ymm10
 1      4     0.50                        vmulps	%ymm7, %ymm9, %ymm0
 1      4     0.50                        vmulps	%ymm0, %ymm0, %ymm0
 1      4     0.50                        vmulps	%ymm7, %ymm5, %ymm5
 1      4     0.50                        vmulps	%ymm5, %ymm5, %ymm5
 1      4     0.50                        vsubps	%ymm0, %ymm5, %ymm5
 1      4     0.50                        vmulps	%ymm5, %ymm4, %ymm5
 1      4     0.50                        vaddps	%ymm5, %ymm0, %ymm0
 1      1     1.00                        vpshufb	%ymm2, %ymm3, %ymm5
 1      4     0.50                        vcvtdq2ps	%ymm5, %ymm5
 1      4     0.50                        vmulps	%ymm7, %ymm8, %ymm8
 1      4     0.50                        vmulps	%ymm8, %ymm8, %ymm8
 1      4     0.50                        vmulps	%ymm7, %ymm5, %ymm5
 1      4     0.50                        vmulps	%ymm5, %ymm5, %ymm5
 1      4     0.50                        vsubps	%ymm8, %ymm5, %ymm5
 1      4     0.50                        vmulps	%ymm5, %ymm4, %ymm5
 1      4     0.50                        vaddps	%ymm5, %ymm8, %ymm5
 1      1     1.00                        vpshufb	%ymm1, %ymm3, %ymm8
 1      4     0.50                        vcvtdq2ps	%ymm8, %ymm8
 1      4     0.50                        vmulps	%ymm7, %ymm10, %ymm9
 1      4     0.50                        vmulps	%ymm9, %ymm9, %ymm9
 1      4     0.50                        vmulps	%ymm7, %ymm8, %ymm8
 1      4     0.50                        vmulps	%ymm8, %ymm8, %ymm8
 1      4     0.50                        vsubps	%ymm9, %ymm8, %ymm8
 1      4     0.50                        vmulps	%ymm4, %ymm8, %ymm8
 1      4     0.50                        vaddps	%ymm8, %ymm9, %ymm8
 1      7     0.50    *                   vmovdqu	624(%rsp), %ymm10
 1      1     0.33                        vpand	%ymm10, %ymm14, %ymm9
 1      4     0.50                        vcvtdq2ps	%ymm9, %ymm9
 1      1     0.33                        vpand	%ymm3, %ymm10, %ymm3
 1      4     0.50                        vcvtdq2ps	%ymm3, %ymm3
 1      4     0.50                        vmulps	%ymm7, %ymm9, %ymm9
 1      4     0.50                        vmulps	%ymm9, %ymm9, %ymm9
 1      4     0.50                        vmulps	%ymm7, %ymm3, %ymm3
 1      4     0.50                        vmulps	%ymm3, %ymm3, %ymm3
 1      4     0.50                        vsubps	%ymm9, %ymm3, %ymm3
 1      4     0.50                        vmulps	%ymm3, %ymm4, %ymm3
 1      4     0.50                        vaddps	%ymm3, %ymm9, %ymm3
 1      7     0.50    *                   vmovdqu	864(%rsp), %ymm9
 1      4     0.50                        vsubps	%ymm13, %ymm6, %ymm4
 1      7     0.50    *                   vmovdqu	688(%rsp), %ymm6
 1      4     0.50                        vmulps	%ymm4, %ymm15, %ymm4
 1      4     0.50                        vaddps	%ymm4, %ymm13, %ymm4
 1      7     0.50    *                   vmovdqu	720(%rsp), %ymm14
 1      4     0.50                        vsubps	%ymm12, %ymm5, %ymm5
 1      4     0.50                        vmulps	%ymm5, %ymm15, %ymm5
 1      4     0.50                        vaddps	%ymm5, %ymm12, %ymm2
 1      4     0.50                        vsubps	%ymm11, %ymm8, %ymm5
 1      0     0.17                        vxorps	%xmm8, %xmm8, %xmm8
 1      4     0.50                        vmulps	%ymm5, %ymm15, %ymm5
 1      4     0.50                        vaddps	%ymm5, %ymm11, %ymm1
 1      4     0.50                        vsubps	%ymm0, %ymm3, %ymm3
 1      4     0.50                        vmulps	%ymm3, %ymm15, %ymm3
 1      7     0.50    *                   vbroadcastss	__real@3f800000(%rip), %ymm15
 1      7     0.50    *                   vmovdqu	1088(%rsp), %ymm11
 2      8     1.00    *                   vpshufb	__ymm@8080801e8080801a80808016808080128080800e8080800a8080800680808002(%rip), %ymm11, %ymm5
 1      4     0.50                        vcvtdq2ps	%ymm5, %ymm5
 2      11    0.50    *                   vmulps	976(%rsp), %ymm2, %ymm2
 1      4     0.50                        vaddps	%ymm3, %ymm0, %ymm3
 2      11    0.50    *                   vmulps	896(%rsp), %ymm4, %ymm0
 1      4     0.50                        vmaxps	%ymm8, %ymm0, %ymm0
 1      4     0.50                        vmaxps	%ymm8, %ymm2, %ymm2
 1      4     0.50                        vminps	%ymm15, %ymm0, %ymm0
 1      4     0.50                        vminps	%ymm15, %ymm2, %ymm2
 1      4     0.50                        vmulps	%ymm7, %ymm5, %ymm4
 1      4     0.50                        vmulps	%ymm4, %ymm4, %ymm4
 1      4     0.50                        vsubps	%ymm0, %ymm15, %ymm5
 1      4     0.50                        vmulps	%ymm5, %ymm4, %ymm4
 1      4     0.50                        vaddps	%ymm4, %ymm2, %ymm2
 2      8     1.00    *                   vpshufb	__ymm@8080801d8080801980808015808080118080800d808080098080800580808001(%rip), %ymm11, %ymm4
 1      4     0.50                        vcvtdq2ps	%ymm4, %ymm4
 2      11    0.50    *                   vmulps	800(%rsp), %ymm1, %ymm1
 1      4     0.50                        vmaxps	%ymm8, %ymm1, %ymm1
 1      4     0.50                        vmulps	%ymm7, %ymm4, %ymm4
 1      4     0.50                        vminps	%ymm15, %ymm1, %ymm1
 1      4     0.50                        vmulps	%ymm4, %ymm4, %ymm4
 1      4     0.50                        vmulps	%ymm5, %ymm4, %ymm4
 1      4     0.50                        vaddps	%ymm4, %ymm1, %ymm1
 1      1     0.33                        vpand	%ymm10, %ymm11, %ymm4
 1      7     0.50    *                   vmovups	1136(%rsp), %ymm13
 1      4     0.50                        vcvtdq2ps	%ymm4, %ymm4
 1      4     0.50                        vmulps	%ymm3, %ymm13, %ymm3
 1      4     0.50                        vmaxps	%ymm8, %ymm3, %ymm3
 1      4     0.50                        vminps	%ymm15, %ymm3, %ymm3
 1      4     0.50                        vmulps	%ymm7, %ymm4, %ymm4
 1      4     0.50                        vmulps	%ymm4, %ymm4, %ymm4
 1      4     0.50                        vmulps	%ymm5, %ymm4, %ymm4
 1      4     0.50                        vaddps	%ymm3, %ymm4, %ymm3
 1      1     0.50                        vpsrld	$24, %ymm11, %ymm4
 1      4     0.50                        vcvtdq2ps	%ymm4, %ymm4
 1      4     0.50                        vmulps	%ymm7, %ymm4, %ymm4
 1      4     0.50                        vmulps	%ymm5, %ymm4, %ymm4
 1      7     0.50    *                   vmovdqu	1056(%rsp), %ymm5
 1      4     0.50                        vaddps	%ymm4, %ymm0, %ymm0
 1      7     0.50    *                   vmovups	832(%rsp), %ymm4
 1      12    6.00                        vsqrtps	%ymm2, %ymm2
 1      7     0.50    *                   vbroadcastss	__real@437f0000(%rip), %ymm7
 1      4     0.50                        vmulps	%ymm7, %ymm2, %ymm2
 1      12    6.00                        vsqrtps	%ymm1, %ymm1
 1      4     0.50                        vmulps	%ymm7, %ymm1, %ymm1
 1      4     0.50                        vcvtps2dq	%ymm2, %ymm2
 1      4     0.50                        vcvtps2dq	%ymm1, %ymm1
 1      1     0.50                        vpslld	$8, %ymm1, %ymm1
 1      1     0.50                        vpslld	$16, %ymm2, %ymm2
 1      1     0.33                        vpaddd	%ymm2, %ymm1, %ymm1
 1      12    6.00                        vsqrtps	%ymm3, %ymm2
 1      4     0.50                        vmulps	%ymm7, %ymm2, %ymm2
 1      4     0.50                        vmulps	%ymm7, %ymm0, %ymm0
 1      4     0.50                        vcvtps2dq	%ymm0, %ymm0
 1      4     0.50                        vcvtps2dq	%ymm2, %ymm2
 1      1     0.50                        vpslld	$24, %ymm0, %ymm0
 1      1     0.33                        vpaddd	%ymm0, %ymm2, %ymm0
 1      1     0.33                        vpaddd	%ymm0, %ymm1, %ymm0
 1      7     0.50    *                   vmovups	416(%rsp), %ymm1
 1      7     0.50    *                   vmovups	496(%rsp), %ymm2
 2      2     0.67                        vblendvps	%ymm2, %ymm11, %ymm0, %ymm0
 1      7     0.50    *                   vmovups	656(%rsp), %ymm11
 2      1     1.00           *            vmovups	%ymm0, (%r15)
 1      1     0.25                        addq	$32, %r15
 1      1     0.25                        addl	$8, %r12d
 1      1     0.25                        cmpl	%ebx, %r12d
 1      1     0.50                        jl	.LBB9_533
 2      6     0.50    *                   addq	48(%rsp), %r14
 1      1     0.25                        incl	%r11d
 1      1     0.25                        cmpl	%eax, %r11d
 1      1     0.50                        jne	.LBB9_532


Resources:
[0]   - SKLDivider
[1]   - SKLFPDivider
[2]   - SKLPort0
[3]   - SKLPort1
[4]   - SKLPort2
[5]   - SKLPort3
[6]   - SKLPort4
[7]   - SKLPort5
[8]   - SKLPort6
[9]   - SKLPort7


Resource pressure per iteration:
[0]    [1]    [2]    [3]    [4]    [5]    [6]    [7]    [8]    [9]    
 -     24.00  99.00  100.02 44.97  51.00  19.00  49.98  13.00  10.03  

Resource pressure by instruction:
[0]    [1]    [2]    [3]    [4]    [5]    [6]    [7]    [8]    [9]    Instructions:
 -      -      -      -      -      -      -      -     1.00    -     cmpl	%eax, %r11d
 -      -      -      -      -      -      -      -      -      -     vxorps	%xmm8, %xmm8, %xmm8
 -      -      -      -     0.99   0.01    -      -      -      -     vbroadcastss	__real@3f800000(%rip), %ymm15
 -      -     0.01    -      -      -      -      -     0.99    -     jge	.LBB9_535
 -      -      -      -     0.01   0.99    -      -      -      -     vmovdqa	960(%rsp), %xmm5
 -      -     1.00    -      -      -      -      -      -      -     vmovd	%xmm5, %edx
 -      -      -     0.01    -      -      -     0.99    -      -     leal	-8(%rdx), %ebx
 -      -     0.99   0.01    -      -      -     1.00    -      -     vcvtsi2ss	%ebx, %xmm12, %xmm5
 -      -      -      -      -      -      -     1.00    -      -     vbroadcastss	%xmm5, %ymm5
 -      -     1.00    -     0.01   0.99    -      -      -      -     vaddps	__ymm@40f0000040d0000040b000004090000040600000402000003fc000003f000000(%rip), %ymm5, %ymm5
 -      -      -      -      -      -     1.00    -      -     1.00   vmovups	%ymm5, 1648(%rsp)
 -      -      -      -     0.99   0.01    -      -      -      -     vmovdqa	944(%rsp), %xmm5
 -      -     1.00    -      -      -      -      -      -      -     vmovd	%xmm5, %ebx
 -      -      -      -      -      -      -      -     1.00    -     cmpl	%ebx, %edx
 -      -      -      -      -      -      -      -     1.00    -     jge	.LBB9_535
 -      -      -     1.00    -      -      -      -      -      -     vmulss	%xmm0, %xmm0, %xmm5
 -      -      -      -     0.01   0.99    -      -      -      -     vmovss	__real@3f800000(%rip), %xmm7
 -     3.00   1.00    -      -      -      -      -      -      -     vdivss	%xmm5, %xmm7, %xmm5
 -      -      -      -     0.99   0.01    -      -      -      -     vmovaps	400(%rsp), %xmm6
 -      -      -     1.00    -      -      -      -      -      -     vmulss	%xmm6, %xmm6, %xmm6
 -     3.00   1.00    -      -      -      -      -      -      -     vdivss	%xmm6, %xmm7, %xmm6
 -      -      -      -      -      -      -     1.00    -      -     vbroadcastss	%xmm5, %ymm5
 -      -      -      -      -      -      -     1.00    -      -     vbroadcastss	%xmm6, %ymm6
 -      -      -      -      -      -      -     1.00    -      -     vbroadcastss	%xmm4, %ymm4
 -      -      -      -      -      -      -     1.00    -      -     vbroadcastss	%xmm0, %ymm14
 -      -      -      -      -      -      -     0.99   0.01    -     addl	$-2, %r14d
 -      -     0.99   0.01    -      -      -     1.00    -      -     vcvtsi2ss	%r14d, %xmm12, %xmm0
 -      -      -      -      -      -      -     1.00    -      -     vbroadcastss	%xmm0, %ymm0
 -      -      -      -      -     0.99   1.00    -      -     0.01   vmovups	%ymm0, 1008(%rsp)
 -      -      -     0.01    -      -      -      -     0.99    -     addl	$-2, %ebp
 -      -     1.00    -      -      -      -     1.00    -      -     vcvtsi2ss	%ebp, %xmm12, %xmm0
 -      -      -      -      -      -      -     1.00    -      -     vbroadcastss	%xmm0, %ymm11
 -      -      -      -      -      -      -     1.00    -      -     vbroadcastss	%xmm1, %ymm0
 -      -      -      -     0.99   0.01   1.00    -      -      -     vmovups	%ymm0, 976(%rsp)
 -      -      -      -      -      -      -     1.00    -      -     vbroadcastss	%xmm2, %ymm0
 -      -      -      -      -      -     1.00    -      -     1.00   vmovups	%ymm0, 800(%rsp)
 -      -      -      -      -      -      -     1.00    -      -     vbroadcastss	%xmm3, %ymm13
 -      -      -      -      -      -      -      -     1.00    -     movl	%r11d, %ebp
 -      -      -     1.00   0.01   0.99    -      -      -      -     imull	48(%rsp), %ebp
 -      -      -      -      -      -      -      -     1.00    -     movslq	%ebp, %r15
 -      -      -     1.00    -      -      -      -      -      -     leal	(,%rdx,4), %r14d
 -      -     0.01    -     0.99   0.01    -      -     0.99    -     addq	128(%rsp), %r14
 -      -      -      -      -      -      -      -     1.00    -     addq	%r15, %r14
 -      -      -      -      -     0.01   1.00    -      -     0.99   vmovdqu	%ymm9, 864(%rsp)
 -      -      -      -      -     0.99   1.00    -      -     0.01   vmovups	%ymm5, 1056(%rsp)
 -      -      -      -      -      -     1.00    -      -     1.00   vmovups	%ymm6, 688(%rsp)
 -      -      -      -      -     0.99   1.00    -      -     0.01   vmovups	%ymm4, 832(%rsp)
 -      -      -      -     0.99    -     1.00    -      -     0.01   vmovups	%ymm14, 720(%rsp)
 -      -      -      -      -     0.01   1.00    -      -     0.99   vmovups	%ymm11, 656(%rsp)
 -      -      -      -     1.00    -     1.00    -      -      -     vmovups	%ymm13, 1136(%rsp)
 -      -      -     1.00    -      -      -     1.00    -      -     vcvtsi2ss	%r11d, %xmm12, %xmm0
 -      -     0.99   0.01   0.99   0.01    -      -      -      -     vaddss	__real@3f000000(%rip), %xmm0, %xmm0
 -      -     1.00    -      -     1.00    -      -      -      -     vsubss	1040(%rsp), %xmm0, %xmm0
 -      -     0.01   0.99   1.00    -      -      -      -      -     vmulss	__real@00000000(%rip), %xmm0, %xmm1
 -      -      -      -      -      -      -     1.00    -      -     vbroadcastss	%xmm1, %ymm1
 -      -      -      -      -      -     1.00    -      -     1.00   vmovups	%ymm1, 592(%rsp)
 -      -     0.99   0.01    -     1.00    -      -      -      -     vmulss	400(%rsp), %xmm0, %xmm0
 -      -      -      -      -      -      -     1.00    -      -     vbroadcastss	%xmm0, %ymm0
 -      -      -      -     0.01   0.99   1.00    -      -      -     vmovups	%ymm0, 448(%rsp)
 -      -      -      -      -      -      -     0.99   0.01    -     movq	%r14, %r15
 -      -      -      -      -     1.00    -      -      -      -     vmovups	1648(%rsp), %ymm1
 -      -      -      -      -      -      -     0.99   0.01    -     movl	%edx, %r12d
 -      -      -      -     1.00    -      -      -      -      -     vbroadcastss	__real@41000000(%rip), %ymm0
 -      -      -     1.00    -      -      -      -      -      -     vaddps	%ymm0, %ymm1, %ymm1
 -      -      -      -     0.99    -     1.00    -      -     0.01   vmovups	%ymm1, 416(%rsp)
 -      -     0.01   0.99    -      -      -      -      -      -     vsubps	%ymm4, %ymm1, %ymm0
 -      -     0.99   0.01    -      -      -      -      -      -     vmulps	%ymm0, %ymm14, %ymm1
 -      -     0.01   0.99   0.01   0.99    -      -      -      -     vaddps	592(%rsp), %ymm1, %ymm1
 -      -      -     1.00    -      -      -      -      -      -     vmulps	%ymm0, %ymm8, %ymm2
 -      -     0.99   0.01    -      -      -      -      -      -     vmulps	%ymm1, %ymm5, %ymm0
 -      -     1.00    -     0.01   0.99    -      -      -      -     vaddps	448(%rsp), %ymm2, %ymm1
 -      -     0.99   0.01    -      -      -      -      -      -     vmulps	%ymm1, %ymm6, %ymm4
 -      -     0.01   0.99   0.99   0.01    -      -      -      -     vmulps	1008(%rsp), %ymm0, %ymm2
 -      -     0.01   0.99    -      -      -      -      -      -     vmulps	%ymm4, %ymm11, %ymm1
 -      -      -      -      -      -     1.00    -      -     1.00   vmovups	%ymm1, 624(%rsp)
 -      -     0.99   0.01    -      -      -      -      -      -     vcvttps2dq	%ymm1, %ymm6
 -      -     0.99   0.01    -      -      -      -      -      -     vcvttps2dq	%ymm2, %ymm7
 -      -      -     2.00    -      -      -      -      -      -     vpmulld	%ymm9, %ymm6, %ymm3
 -      -      -     0.99    -     1.00    -     0.01    -      -     vpsubd	__ymm@ffffffffffffffffffffffffffffffffffffffffffffffffffffffffffffffff(%rip), %ymm6, %ymm5
 -      -     1.98   0.02    -      -      -      -      -      -     vpmulld	%ymm9, %ymm5, %ymm10
 -      -      -     1.00    -      -      -      -      -      -     vpslld	$2, %ymm7, %ymm11
 -      -      -      -     1.00    -      -      -      -      -     vpbroadcastd	__real@00000004(%rip), %ymm5
 -      -      -      -      -      -      -     1.00    -      -     vpaddd	%ymm5, %ymm11, %ymm12
 -      -      -     0.99    -      -      -     0.01    -      -     vpaddd	%ymm3, %ymm11, %ymm5
 -      -     0.99   0.01    -      -      -      -      -      -     vpcmpeqd	%ymm13, %ymm13, %ymm13
 -      -      -      -      -      -      -      -      -      -     vpxor	%xmm9, %xmm9, %xmm9
 -      -      -     0.01    -      -      -     0.99    -      -     vpaddd	%ymm3, %ymm12, %ymm3
 -      -     0.01   0.99    -      -      -      -      -      -     vpcmpeqd	%ymm14, %ymm14, %ymm14
 -      -     1.00   1.00    -     8.00    -     1.00    -      -     vpgatherdd	%ymm13, (%rsi,%ymm5), %ymm9
 -      -      -      -      -      -      -      -      -      -     vpxor	%xmm5, %xmm5, %xmm5
 -      -     1.00   1.00   8.00    -      -     1.00    -      -     vpgatherdd	%ymm14, (%rsi,%ymm3), %ymm5
 -      -     0.99   0.01    -      -      -      -      -      -     vcmpnleps	%ymm15, %ymm4, %ymm13
 -      -     1.00    -      -      -      -      -      -      -     vpaddd	%ymm11, %ymm10, %ymm11
 -      -     0.01   0.99    -      -      -      -      -      -     vpcmpeqd	%ymm15, %ymm15, %ymm15
 -      -      -      -      -      -      -      -      -      -     vpxor	%xmm14, %xmm14, %xmm14
 -      -      -      -      -      -      -      -      -      -     vxorps	%xmm1, %xmm1, %xmm1
 -      -      -     1.00    -      -      -      -      -      -     vpcmpeqd	%ymm8, %ymm8, %ymm8
 -      -      -     0.99    -      -      -     0.01    -      -     vpaddd	%ymm12, %ymm10, %ymm10
 -      -      -      -      -      -      -      -      -      -     vpxor	%xmm3, %xmm3, %xmm3
 -      -     1.00   1.00    -     8.00    -     1.00    -      -     vpgatherdd	%ymm15, (%rsi,%ymm11), %ymm14
 -      -     1.00   1.00   8.00    -      -     1.00    -      -     vpgatherdd	%ymm8, (%rsi,%ymm10), %ymm3
 -      -     0.01   0.99    -      -      -      -      -      -     vcmpnleps	%ymm4, %ymm1, %ymm4
 -      -      -      -     1.00    -      -      -      -      -     vbroadcastss	__real@3f800000(%rip), %ymm8
 -      -     1.00    -      -      -      -      -      -      -     vcmpnleps	%ymm8, %ymm0, %ymm8
 -      -     0.01    -      -      -      -     0.99    -      -     vorps	%ymm13, %ymm8, %ymm8
 -      -      -     1.00    -      -      -      -      -      -     vcmpnleps	%ymm0, %ymm1, %ymm0
 -      -     1.00    -      -      -      -      -      -      -     vpcmpeqd	%ymm10, %ymm10, %ymm10
 -      -      -      -      -      -      -      -      -      -     vpxor	%xmm11, %xmm11, %xmm11
 -      -      -     0.99    -      -      -     0.01    -      -     vorps	%ymm4, %ymm0, %ymm0
 -      -      -      -     0.01   0.99    -     1.00    -      -     vpmovsxbd	__real@0706050403020100(%rip), %ymm1
 -      -     1.00   1.00    -     8.00    -     1.00    -      -     vpgatherdd	%ymm10, (%r15,%ymm1,4), %ymm11
 -      -      -      -      -      -     1.00    -      -     1.00   vmovdqu	%ymm11, 1088(%rsp)
 -      -     1.00    -      -      -      -      -      -      -     vorps	%ymm0, %ymm8, %ymm0
 -      -      -      -      -      -     1.00    -      -     1.00   vmovups	%ymm0, 496(%rsp)
 -      -     1.00    -      -      -      -      -      -      -     vcvtdq2ps	%ymm7, %ymm0
 -      -      -     1.00    -      -      -      -      -      -     vsubps	%ymm0, %ymm2, %ymm4
 -      -     1.00    -      -      -      -      -      -      -     vcvtdq2ps	%ymm6, %ymm0
 -      -      -      -     0.99   0.01    -      -      -      -     vmovups	624(%rsp), %ymm1
 -      -     1.00    -      -      -      -      -      -      -     vsubps	%ymm0, %ymm1, %ymm15
 -      -     0.99   0.01    -      -      -      -      -      -     vpsrld	$24, %ymm9, %ymm0
 -      -     0.99   0.01    -      -      -      -      -      -     vcvtdq2ps	%ymm0, %ymm11
 -      -      -      -     0.99   0.01    -      -      -      -     vmovdqa	__ymm@8080801e8080801a80808016808080128080800e8080800a8080800680808002(%rip), %ymm12
 -      -      -      -      -      -      -     1.00    -      -     vpshufb	%ymm12, %ymm9, %ymm0
 -      -     0.01   0.99    -      -      -      -      -      -     vcvtdq2ps	%ymm0, %ymm2
 -      -      -      -     0.01   0.99    -      -      -      -     vmovdqa	__ymm@8080801d8080801980808015808080118080800d808080098080800580808001(%rip), %ymm1
 -      -      -      -      -      -      -     1.00    -      -     vpshufb	%ymm1, %ymm9, %ymm0
 -      -      -     0.01    -      -      -     0.99    -      -     vmovdqa	%ymm1, %ymm7
 -      -      -      -     0.99   0.01    -      -      -      -     vpbroadcastd	__real@000000ff(%rip), %ymm6
 -      -     0.01   0.99    -      -      -      -      -      -     vpand	%ymm6, %ymm9, %ymm1
 -      -     0.01   0.99    -      -      -      -      -      -     vmovdqa	%ymm6, %ymm13
 -      -      -      -      -     1.00   1.00    -      -      -     vmovdqu	%ymm6, 624(%rsp)
 -      -     0.99   0.01    -      -      -      -      -      -     vcvtdq2ps	%ymm0, %ymm6
 -      -     0.01   0.99    -      -      -      -      -      -     vcvtdq2ps	%ymm1, %ymm9
 -      -     0.99   0.01    -      -      -      -      -      -     vpsrld	$24, %ymm5, %ymm0
 -      -     0.99   0.01    -      -      -      -      -      -     vcvtdq2ps	%ymm0, %ymm0
 -      -      -      -      -      -      -     1.00    -      -     vpshufb	%ymm12, %ymm5, %ymm1
 -      -      -      -      -      -      -     1.00    -      -     vpshufb	%ymm7, %ymm5, %ymm8
 -      -     0.01   0.99    -      -      -      -      -      -     vcvtdq2ps	%ymm1, %ymm10
 -      -     0.01   0.99    -      -      -      -      -      -     vcvtdq2ps	%ymm8, %ymm1
 -      -      -      -      -      -      -     1.00    -      -     vpand	%ymm5, %ymm13, %ymm5
 -      -     0.99   0.01    -      -      -      -      -      -     vcvtdq2ps	%ymm5, %ymm5
 -      -      -      -     0.99   0.01    -      -      -      -     vbroadcastss	__real@3b808081(%rip), %ymm7
 -      -     0.01   0.99    -      -      -      -      -      -     vmulps	%ymm7, %ymm11, %ymm8
 -      -     0.99   0.01    -      -      -      -      -      -     vmulps	%ymm7, %ymm0, %ymm0
 -      -     0.99   0.01    -      -      -      -      -      -     vsubps	%ymm8, %ymm0, %ymm0
 -      -     0.99   0.01    -      -      -      -      -      -     vmulps	%ymm0, %ymm4, %ymm0
 -      -     0.99   0.01    -      -      -      -      -      -     vaddps	%ymm0, %ymm8, %ymm13
 -      -     0.01   0.99    -      -      -      -      -      -     vpsrld	$24, %ymm14, %ymm0
 -      -     0.99   0.01    -      -      -      -      -      -     vmulps	%ymm7, %ymm2, %ymm2
 -      -     0.99   0.01    -      -      -      -      -      -     vmulps	%ymm7, %ymm10, %ymm8
 -      -     0.99   0.01    -      -      -      -      -      -     vmulps	%ymm2, %ymm2, %ymm2
 -      -     0.99   0.01    -      -      -      -      -      -     vmulps	%ymm8, %ymm8, %ymm8
 -      -     0.99   0.01    -      -      -      -      -      -     vsubps	%ymm2, %ymm8, %ymm8
 -      -     0.99   0.01    -      -      -      -      -      -     vmulps	%ymm4, %ymm8, %ymm8
 -      -     0.99   0.01    -      -      -      -      -      -     vaddps	%ymm2, %ymm8, %ymm12
 -      -      -      -     0.01   0.99    -      -      -      -     vmovdqa	__ymm@8080801e8080801a80808016808080128080800e8080800a8080800680808002(%rip), %ymm2
 -      -      -      -      -      -      -     1.00    -      -     vpshufb	%ymm2, %ymm14, %ymm8
 -      -     0.99   0.01    -      -      -      -      -      -     vcvtdq2ps	%ymm0, %ymm0
 -      -     0.01   0.99    -      -      -      -      -      -     vcvtdq2ps	%ymm8, %ymm8
 -      -     0.01   0.99    -      -      -      -      -      -     vmulps	%ymm7, %ymm6, %ymm6
 -      -     0.01   0.99    -      -      -      -      -      -     vmulps	%ymm6, %ymm6, %ymm6
 -      -     0.01   0.99    -      -      -      -      -      -     vmulps	%ymm7, %ymm1, %ymm1
 -      -     0.01   0.99    -      -      -      -      -      -     vmulps	%ymm1, %ymm1, %ymm1
 -      -     0.01   0.99    -      -      -      -      -      -     vsubps	%ymm6, %ymm1, %ymm1
 -      -     0.01   0.99    -      -      -      -      -      -     vmulps	%ymm1, %ymm4, %ymm1
 -      -     0.99   0.01    -      -      -      -      -      -     vaddps	%ymm1, %ymm6, %ymm11
 -      -     0.01   0.99    -      -      -      -      -      -     vpsrld	$24, %ymm3, %ymm6
 -      -     0.99   0.01    -      -      -      -      -      -     vcvtdq2ps	%ymm6, %ymm6
 -      -     0.01   0.99    -      -      -      -      -      -     vmulps	%ymm7, %ymm0, %ymm0
 -      -     0.99   0.01    -      -      -      -      -      -     vmulps	%ymm7, %ymm6, %ymm6
 -      -     0.99   0.01    -      -      -      -      -      -     vsubps	%ymm0, %ymm6, %ymm6
 -      -     0.99   0.01    -      -      -      -      -      -     vmulps	%ymm6, %ymm4, %ymm6
 -      -     0.99   0.01    -      -      -      -      -      -     vaddps	%ymm6, %ymm0, %ymm6
 -      -      -      -     1.00    -      -      -      -      -     vmovdqa	__ymm@8080801d8080801980808015808080118080800d808080098080800580808001(%rip), %ymm1
 -      -      -      -      -      -      -     1.00    -      -     vpshufb	%ymm1, %ymm14, %ymm0
 -      -     0.99   0.01    -      -      -      -      -      -     vcvtdq2ps	%ymm0, %ymm10
 -      -     0.01   0.99    -      -      -      -      -      -     vmulps	%ymm7, %ymm9, %ymm0
 -      -     0.01   0.99    -      -      -      -      -      -     vmulps	%ymm0, %ymm0, %ymm0
 -      -     0.01   0.99    -      -      -      -      -      -     vmulps	%ymm7, %ymm5, %ymm5
 -      -     0.01   0.99    -      -      -      -      -      -     vmulps	%ymm5, %ymm5, %ymm5
 -      -     0.99   0.01    -      -      -      -      -      -     vsubps	%ymm0, %ymm5, %ymm5
 -      -     0.99   0.01    -      -      -      -      -      -     vmulps	%ymm5, %ymm4, %ymm5
 -      -     0.99   0.01    -      -      -      -      -      -     vaddps	%ymm5, %ymm0, %ymm0
 -      -      -      -      -      -      -     1.00    -      -     vpshufb	%ymm2, %ymm3, %ymm5
 -      -     0.01   0.99    -      -      -      -      -      -     vcvtdq2ps	%ymm5, %ymm5
 -      -     0.99   0.01    -      -      -      -      -      -     vmulps	%ymm7, %ymm8, %ymm8
 -      -     0.99   0.01    -      -      -      -      -      -     vmulps	%ymm8, %ymm8, %ymm8
 -      -     0.01   0.99    -      -      -      -      -      -     vmulps	%ymm7, %ymm5, %ymm5
 -      -     0.01   0.99    -      -      -      -      -      -     vmulps	%ymm5, %ymm5, %ymm5
 -      -     0.01   0.99    -      -      -      -      -      -     vsubps	%ymm8, %ymm5, %ymm5
 -      -     0.99   0.01    -      -      -      -      -      -     vmulps	%ymm5, %ymm4, %ymm5
 -      -     0.99   0.01    -      -      -      -      -      -     vaddps	%ymm5, %ymm8, %ymm5
 -      -      -      -      -      -      -     1.00    -      -     vpshufb	%ymm1, %ymm3, %ymm8
 -      -     0.01   0.99    -      -      -      -      -      -     vcvtdq2ps	%ymm8, %ymm8
 -      -     0.01   0.99    -      -      -      -      -      -     vmulps	%ymm7, %ymm10, %ymm9
 -      -     0.99   0.01    -      -      -      -      -      -     vmulps	%ymm9, %ymm9, %ymm9
 -      -     0.01   0.99    -      -      -      -      -      -     vmulps	%ymm7, %ymm8, %ymm8
 -      -     0.01   0.99    -      -      -      -      -      -     vmulps	%ymm8, %ymm8, %ymm8
 -      -     0.01   0.99    -      -      -      -      -      -     vsubps	%ymm9, %ymm8, %ymm8
 -      -     0.99   0.01    -      -      -      -      -      -     vmulps	%ymm4, %ymm8, %ymm8
 -      -     0.99   0.01    -      -      -      -      -      -     vaddps	%ymm8, %ymm9, %ymm8
 -      -      -      -     1.00    -      -      -      -      -     vmovdqu	624(%rsp), %ymm10
 -      -      -      -      -      -      -     1.00    -      -     vpand	%ymm10, %ymm14, %ymm9
 -      -     0.01   0.99    -      -      -      -      -      -     vcvtdq2ps	%ymm9, %ymm9
 -      -      -      -      -      -      -     1.00    -      -     vpand	%ymm3, %ymm10, %ymm3
 -      -     0.01   0.99    -      -      -      -      -      -     vcvtdq2ps	%ymm3, %ymm3
 -      -     0.99   0.01    -      -      -      -      -      -     vmulps	%ymm7, %ymm9, %ymm9
 -      -     0.99   0.01    -      -      -      -      -      -     vmulps	%ymm9, %ymm9, %ymm9
 -      -     0.99   0.01    -      -      -      -      -      -     vmulps	%ymm7, %ymm3, %ymm3
 -      -     0.99   0.01    -      -      -      -      -      -     vmulps	%ymm3, %ymm3, %ymm3
 -      -     0.99   0.01    -      -      -      -      -      -     vsubps	%ymm9, %ymm3, %ymm3
 -      -     0.99   0.01    -      -      -      -      -      -     vmulps	%ymm3, %ymm4, %ymm3
 -      -     0.99   0.01    -      -      -      -      -      -     vaddps	%ymm3, %ymm9, %ymm3
 -      -      -      -      -     1.00    -      -      -      -     vmovdqu	864(%rsp), %ymm9
 -      -     0.01   0.99    -      -      -      -      -      -     vsubps	%ymm13, %ymm6, %ymm4
 -      -      -      -     1.00    -      -      -      -      -     vmovdqu	688(%rsp), %ymm6
 -      -     0.01   0.99    -      -      -      -      -      -     vmulps	%ymm4, %ymm15, %ymm4
 -      -     0.99   0.01    -      -      -      -      -      -     vaddps	%ymm4, %ymm13, %ymm4
 -      -      -      -      -     1.00    -      -      -      -     vmovdqu	720(%rsp), %ymm14
 -      -     0.01   0.99    -      -      -      -      -      -     vsubps	%ymm12, %ymm5, %ymm5
 -      -     0.99   0.01    -      -      -      -      -      -     vmulps	%ymm5, %ymm15, %ymm5
 -      -     0.99   0.01    -      -      -      -      -      -     vaddps	%ymm5, %ymm12, %ymm2
 -      -     0.99   0.01    -      -      -      -      -      -     vsubps	%ymm11, %ymm8, %ymm5
 -      -      -      -      -      -      -      -      -      -     vxorps	%xmm8, %xmm8, %xmm8
 -      -     0.01   0.99    -      -      -      -      -      -     vmulps	%ymm5, %ymm15, %ymm5
 -      -      -     1.00    -      -      -      -      -      -     vaddps	%ymm5, %ymm11, %ymm1
 -      -     0.01   0.99    -      -      -      -      -      -     vsubps	%ymm0, %ymm3, %ymm3
 -      -     0.01   0.99    -      -      -      -      -      -     vmulps	%ymm3, %ymm15, %ymm3
 -      -      -      -     1.00    -      -      -      -      -     vbroadcastss	__real@3f800000(%rip), %ymm15
 -      -      -      -      -     1.00    -      -      -      -     vmovdqu	1088(%rsp), %ymm11
 -      -      -      -     1.00    -      -     1.00    -      -     vpshufb	__ymm@8080801e8080801a80808016808080128080800e8080800a8080800680808002(%rip), %ymm11, %ymm5
 -      -     0.01   0.99    -      -      -      -      -      -     vcvtdq2ps	%ymm5, %ymm5
 -      -     0.01   0.99   0.01   0.99    -      -      -      -     vmulps	976(%rsp), %ymm2, %ymm2
 -      -     0.01   0.99    -      -      -      -      -      -     vaddps	%ymm3, %ymm0, %ymm3
 -      -     0.99   0.01    -     1.00    -      -      -      -     vmulps	896(%rsp), %ymm4, %ymm0
 -      -      -     1.00    -      -      -      -      -      -     vmaxps	%ymm8, %ymm0, %ymm0
 -      -      -     1.00    -      -      -      -      -      -     vmaxps	%ymm8, %ymm2, %ymm2
 -      -     0.99   0.01    -      -      -      -      -      -     vminps	%ymm15, %ymm0, %ymm0
 -      -      -     1.00    -      -      -      -      -      -     vminps	%ymm15, %ymm2, %ymm2
 -      -     0.01   0.99    -      -      -      -      -      -     vmulps	%ymm7, %ymm5, %ymm4
 -      -     0.99   0.01    -      -      -      -      -      -     vmulps	%ymm4, %ymm4, %ymm4
 -      -     1.00    -      -      -      -      -      -      -     vsubps	%ymm0, %ymm15, %ymm5
 -      -     1.00    -      -      -      -      -      -      -     vmulps	%ymm5, %ymm4, %ymm4
 -      -     0.01   0.99    -      -      -      -      -      -     vaddps	%ymm4, %ymm2, %ymm2
 -      -      -      -     1.00    -      -     1.00    -      -     vpshufb	__ymm@8080801d8080801980808015808080118080800d808080098080800580808001(%rip), %ymm11, %ymm4
 -      -     0.01   0.99    -      -      -      -      -      -     vcvtdq2ps	%ymm4, %ymm4
 -      -     1.00    -     0.99   0.01    -      -      -      -     vmulps	800(%rsp), %ymm1, %ymm1
 -      -      -     1.00    -      -      -      -      -      -     vmaxps	%ymm8, %ymm1, %ymm1
 -      -     0.01   0.99    -      -      -      -      -      -     vmulps	%ymm7, %ymm4, %ymm4
 -      -     1.00    -      -      -      -      -      -      -     vminps	%ymm15, %ymm1, %ymm1
 -      -     0.01   0.99    -      -      -      -      -      -     vmulps	%ymm4, %ymm4, %ymm4
 -      -      -     1.00    -      -      -      -      -      -     vmulps	%ymm5, %ymm4, %ymm4
 -      -     0.01   0.99    -      -      -      -      -      -     vaddps	%ymm4, %ymm1, %ymm1
 -      -      -      -      -      -      -     1.00    -      -     vpand	%ymm10, %ymm11, %ymm4
 -      -      -      -      -     1.00    -      -      -      -     vmovups	1136(%rsp), %ymm13
 -      -     0.01   0.99    -      -      -      -      -      -     vcvtdq2ps	%ymm4, %ymm4
 -      -     1.00    -      -      -      -      -      -      -     vmulps	%ymm3, %ymm13, %ymm3
 -      -      -     1.00    -      -      -      -      -      -     vmaxps	%ymm8, %ymm3, %ymm3
 -      -     0.99   0.01    -      -      -      -      -      -     vminps	%ymm15, %ymm3, %ymm3
 -      -     0.01   0.99    -      -      -      -      -      -     vmulps	%ymm7, %ymm4, %ymm4
 -      -     0.01   0.99    -      -      -      -      -      -     vmulps	%ymm4, %ymm4, %ymm4
 -      -     1.00    -      -      -      -      -      -      -     vmulps	%ymm5, %ymm4, %ymm4
 -      -     1.00    -      -      -      -      -      -      -     vaddps	%ymm3, %ymm4, %ymm3
 -      -     0.01   0.99    -      -      -      -      -      -     vpsrld	$24, %ymm11, %ymm4
 -      -     0.01   0.99    -      -      -      -      -      -     vcvtdq2ps	%ymm4, %ymm4
 -      -     0.01   0.99    -      -      -      -      -      -     vmulps	%ymm7, %ymm4, %ymm4
 -      -      -     1.00    -      -      -      -      -      -     vmulps	%ymm5, %ymm4, %ymm4
 -      -      -      -     1.00    -      -      -      -      -     vmovdqu	1056(%rsp), %ymm5
 -      -     0.99   0.01    -      -      -      -      -      -     vaddps	%ymm4, %ymm0, %ymm0
 -      -      -      -      -     1.00    -      -      -      -     vmovups	832(%rsp), %ymm4
 -     6.00   1.00    -      -      -      -      -      -      -     vsqrtps	%ymm2, %ymm2
 -      -      -      -     1.00    -      -      -      -      -     vbroadcastss	__real@437f0000(%rip), %ymm7
 -      -     1.00    -      -      -      -      -      -      -     vmulps	%ymm7, %ymm2, %ymm2
 -     6.00   1.00    -      -      -      -      -      -      -     vsqrtps	%ymm1, %ymm1
 -      -      -     1.00    -      -      -      -      -      -     vmulps	%ymm7, %ymm1, %ymm1
 -      -      -     1.00    -      -      -      -      -      -     vcvtps2dq	%ymm2, %ymm2
 -      -     0.99   0.01    -      -      -      -      -      -     vcvtps2dq	%ymm1, %ymm1
 -      -      -     1.00    -      -      -      -      -      -     vpslld	$8, %ymm1, %ymm1
 -      -     0.01   0.99    -      -      -      -      -      -     vpslld	$16, %ymm2, %ymm2
 -      -      -      -      -      -      -     1.00    -      -     vpaddd	%ymm2, %ymm1, %ymm1
 -     6.00   1.00    -      -      -      -      -      -      -     vsqrtps	%ymm3, %ymm2
 -      -     1.00    -      -      -      -      -      -      -     vmulps	%ymm7, %ymm2, %ymm2
 -      -      -     1.00    -      -      -      -      -      -     vmulps	%ymm7, %ymm0, %ymm0
 -      -     0.99   0.01    -      -      -      -      -      -     vcvtps2dq	%ymm0, %ymm0
 -      -     1.00    -      -      -      -      -      -      -     vcvtps2dq	%ymm2, %ymm2
 -      -      -     1.00    -      -      -      -      -      -     vpslld	$24, %ymm0, %ymm0
 -      -      -      -      -      -      -     1.00    -      -     vpaddd	%ymm0, %ymm2, %ymm0
 -      -      -     0.01    -      -      -     0.99    -      -     vpaddd	%ymm0, %ymm1, %ymm0
 -      -      -      -      -     1.00    -      -      -      -     vmovups	416(%rsp), %ymm1
 -      -      -      -     1.00    -      -      -      -      -     vmovups	496(%rsp), %ymm2
 -      -      -     1.98    -      -      -     0.02    -      -     vblendvps	%ymm2, %ymm11, %ymm0, %ymm0
 -      -      -      -      -     1.00    -      -      -      -     vmovups	656(%rsp), %ymm11
 -      -      -      -      -      -     1.00    -      -     1.00   vmovups	%ymm0, (%r15)
 -      -      -      -      -      -      -      -     1.00    -     addq	$32, %r15
 -      -      -      -      -      -      -     1.00    -      -     addl	$8, %r12d
 -      -      -      -      -      -      -      -     1.00    -     cmpl	%ebx, %r12d
 -      -      -      -      -      -      -      -     1.00    -     jl	.LBB9_533
 -      -      -      -     1.00    -      -     1.00    -      -     addq	48(%rsp), %r14
 -      -      -      -      -      -      -     1.00    -      -     incl	%r11d
 -      -     0.01   0.99    -      -      -      -      -      -     cmpl	%eax, %r11d
 -      -      -      -      -      -      -      -     1.00    -     jne	.LBB9_532
